[0m16:03:14.026441 [debug] [MainThread]: Sending event: {'category': 'dbt', 'action': 'invocation', 'label': 'start', 'context': [<snowplow_tracker.self_describing_json.SelfDescribingJson object at 0x0000014AE740E6D0>, <snowplow_tracker.self_describing_json.SelfDescribingJson object at 0x0000014AE7409D90>, <snowplow_tracker.self_describing_json.SelfDescribingJson object at 0x0000014AE7408B50>]}


============================== 16:03:14.034385 | 76b72521-a3f1-443b-894e-da3f759bca1e ==============================
[0m16:03:14.034385 [info ] [MainThread]: Running with dbt=1.5.9
[0m16:03:14.035385 [debug] [MainThread]: running dbt with arguments {'printer_width': '80', 'indirect_selection': 'eager', 'log_cache_events': 'False', 'write_json': 'True', 'partial_parse': 'True', 'cache_selected_only': 'False', 'warn_error': 'None', 'debug': 'False', 'profiles_dir': 'C:\\Users\\andew\\.dbt', 'log_path': 'logs', 'version_check': 'True', 'fail_fast': 'False', 'use_colors': 'True', 'use_experimental_parser': 'False', 'no_print': 'None', 'quiet': 'False', 'warn_error_options': 'WarnErrorOptions(include=[], exclude=[])', 'introspect': 'True', 'log_format': 'default', 'static_parser': 'True', 'target_path': 'None', 'send_anonymous_usage_stats': 'True'}
[0m16:03:14.037318 [debug] [MainThread]: Starter project path: C:\Users\andew\anaconda3\envs\dbt_snowflake\Lib\site-packages\dbt\include\starter_project
[0m16:04:51.200160 [debug] [MainThread]: Sending event: {'category': 'dbt', 'action': 'invocation', 'label': 'start', 'context': [<snowplow_tracker.self_describing_json.SelfDescribingJson object at 0x00000247579FE6D0>, <snowplow_tracker.self_describing_json.SelfDescribingJson object at 0x00000247579F89D0>, <snowplow_tracker.self_describing_json.SelfDescribingJson object at 0x00000247579FFA90>]}


============================== 16:04:51.204682 | 5db34f02-8c87-4841-9bdc-855068b0ab08 ==============================
[0m16:04:51.204682 [info ] [MainThread]: Running with dbt=1.5.9
[0m16:04:51.205769 [debug] [MainThread]: running dbt with arguments {'printer_width': '80', 'indirect_selection': 'eager', 'log_cache_events': 'False', 'write_json': 'True', 'partial_parse': 'True', 'cache_selected_only': 'False', 'profiles_dir': 'C:\\Users\\andew\\.dbt', 'debug': 'False', 'version_check': 'True', 'log_path': 'logs', 'warn_error': 'None', 'fail_fast': 'False', 'use_colors': 'True', 'use_experimental_parser': 'False', 'no_print': 'None', 'quiet': 'False', 'warn_error_options': 'WarnErrorOptions(include=[], exclude=[])', 'static_parser': 'True', 'introspect': 'True', 'log_format': 'default', 'target_path': 'None', 'send_anonymous_usage_stats': 'True'}
[0m16:04:51.207364 [info ] [MainThread]: A project called ASG2 already exists here.
[0m16:04:51.208367 [debug] [MainThread]: Command `dbt init` succeeded at 16:04:51.208367 after 0.02 seconds
[0m16:04:51.208367 [debug] [MainThread]: Sending event: {'category': 'dbt', 'action': 'invocation', 'label': 'end', 'context': [<snowplow_tracker.self_describing_json.SelfDescribingJson object at 0x0000024751771A10>, <snowplow_tracker.self_describing_json.SelfDescribingJson object at 0x00000247517788D0>, <snowplow_tracker.self_describing_json.SelfDescribingJson object at 0x0000024751778910>]}
[0m16:04:51.208367 [debug] [MainThread]: Flushing usage events
[0m16:04:52.469924 [debug] [MainThread]: Error sending anonymous usage statistics. Disabling tracking for this execution. If you wish to permanently disable tracking, see: https://docs.getdbt.com/reference/global-configs#send-anonymous-usage-stats.
[0m16:05:07.169829 [debug] [MainThread]: Sending event: {'category': 'dbt', 'action': 'invocation', 'label': 'start', 'context': [<snowplow_tracker.self_describing_json.SelfDescribingJson object at 0x00000223BA048510>, <snowplow_tracker.self_describing_json.SelfDescribingJson object at 0x00000223B91136D0>, <snowplow_tracker.self_describing_json.SelfDescribingJson object at 0x00000223BA04E810>]}


============================== 16:05:07.175072 | dff83043-cd8a-45ea-98f2-7b806324b849 ==============================
[0m16:05:07.175072 [info ] [MainThread]: Running with dbt=1.5.9
[0m16:05:07.175072 [debug] [MainThread]: running dbt with arguments {'printer_width': '80', 'indirect_selection': 'eager', 'log_cache_events': 'False', 'write_json': 'True', 'partial_parse': 'True', 'cache_selected_only': 'False', 'profiles_dir': 'C:\\Users\\andew\\.dbt', 'fail_fast': 'False', 'debug': 'False', 'log_path': 'logs', 'version_check': 'True', 'warn_error': 'None', 'use_colors': 'True', 'use_experimental_parser': 'False', 'no_print': 'None', 'quiet': 'False', 'warn_error_options': 'WarnErrorOptions(include=[], exclude=[])', 'introspect': 'True', 'static_parser': 'True', 'log_format': 'default', 'target_path': 'None', 'send_anonymous_usage_stats': 'True'}
[0m16:05:07.176577 [debug] [MainThread]: Starter project path: C:\Users\andew\anaconda3\envs\dbt_snowflake\Lib\site-packages\dbt\include\starter_project
[0m16:06:09.736969 [info ] [MainThread]: Profile Lotso2 written to C:\Users\andew\.dbt\profiles.yml using target's profile_template.yml and your supplied values. Run 'dbt debug' to validate the connection.
[0m16:06:09.739469 [info ] [MainThread]: 
Your new dbt project "Lotso2" was created!

For more information on how to configure the profiles.yml file,
please consult the dbt documentation here:

  https://docs.getdbt.com/docs/configure-your-profile

One more thing:

Need help? Don't hesitate to reach out to us via GitHub issues or on Slack:

  https://community.getdbt.com/

Happy modeling!

[0m16:06:09.741578 [debug] [MainThread]: Command `dbt init` succeeded at 16:06:09.741578 after 62.58 seconds
[0m16:06:09.743114 [debug] [MainThread]: Sending event: {'category': 'dbt', 'action': 'invocation', 'label': 'end', 'context': [<snowplow_tracker.self_describing_json.SelfDescribingJson object at 0x00000223B9EB2290>, <snowplow_tracker.self_describing_json.SelfDescribingJson object at 0x00000223B3B0F790>, <snowplow_tracker.self_describing_json.SelfDescribingJson object at 0x00000223B3DA8710>]}
[0m16:06:09.744126 [debug] [MainThread]: Flushing usage events
[0m16:06:11.404176 [debug] [MainThread]: Error sending anonymous usage statistics. Disabling tracking for this execution. If you wish to permanently disable tracking, see: https://docs.getdbt.com/reference/global-configs#send-anonymous-usage-stats.
